Arguments: 
  /Users/kawamuraseiya/.nodebrew/node/v16.13.0/bin/node /usr/local/Cellar/yarn/1.22.17/libexec/bin/yarn.js add packane-name

PATH: 
  /Users/kawamuraseiya/.nodebrew/current/bin:/usr/local/bin:/usr/bin:/bin:/usr/sbin:/sbin:/Library/Java/JavaVirtualMachines/jdk-16.0.1.jdk/Contents/Home/bin

Yarn version: 
  1.22.17

Node version: 
  16.13.0

Platform: 
  darwin x64

Trace: 
  Error: https://registry.yarnpkg.com/packane-name: Not found
      at Request.params.callback [as _callback] (/usr/local/Cellar/yarn/1.22.17/libexec/lib/cli.js:67029:18)
      at Request.self.callback (/usr/local/Cellar/yarn/1.22.17/libexec/lib/cli.js:140883:22)
      at Request.emit (node:events:390:28)
      at Request.<anonymous> (/usr/local/Cellar/yarn/1.22.17/libexec/lib/cli.js:141855:10)
      at Request.emit (node:events:390:28)
      at IncomingMessage.<anonymous> (/usr/local/Cellar/yarn/1.22.17/libexec/lib/cli.js:141777:12)
      at Object.onceWrapper (node:events:509:28)
      at IncomingMessage.emit (node:events:402:35)
      at endReadableNT (node:internal/streams/readable:1343:12)
      at processTicksAndRejections (node:internal/process/task_queues:83:21)

npm manifest: 
  {
    "name": "lesson1",
    "version": "1.0.0",
    "description": "",
    "main": "index.js",
    "scripts": {
      "test": "echo \"Error: no test specified\" && exit 1"
    },
    "repository": {
      "type": "git",
      "url": "git+https://github.com/seiyakanaoka/React-hands-on.git"
    },
    "keywords": [],
    "author": "",
    "license": "ISC",
    "bugs": {
      "url": "https://github.com/seiyakanaoka/React-hands-on/issues"
    },
    "homepage": "https://github.com/seiyakanaoka/React-hands-on#readme",
    "dependencies": {
      "name": "^0.0.2"
    }
  }

yarn manifest: 
  No manifest

Lockfile: 
  No lockfile
